[2025-08-18T20:29:48.236Z] [INFO] AI Orchestrator wird initialisiert...
[2025-08-18T20:29:48.244Z] [INFO] Agent system-architect registriert
[2025-08-18T20:29:48.245Z] [INFO] Agent feature-developer registriert
[2025-08-18T20:29:48.246Z] [INFO] Agent security-reviewer registriert
[2025-08-18T20:29:48.247Z] [INFO] Agent docs-writer registriert
[2025-08-18T20:29:48.247Z] [INFO] Agent context-specialist registriert
[2025-08-18T20:29:48.248Z] [INFO] AI Orchestrator erfolgreich initialisiert
[2025-08-18T20:29:49.223Z] [INFO] AI Orchestrator wird initialisiert...
[2025-08-18T20:29:49.228Z] [ERROR] Fehler beim Lesen von C:\Users\eric_\VSC Programme\EventManagerApp\Event-Manager-App\scripts\workflow_state.md: ENOENT: no such file or directory, open 'C:\Users\eric_\VSC Programme\EventManagerApp\Event-Manager-App\scripts\workflow_state.md'
[2025-08-18T20:29:49.230Z] [INFO] Agent system-architect registriert
[2025-08-18T20:29:49.231Z] [INFO] Agent feature-developer registriert
[2025-08-18T20:29:49.232Z] [INFO] Agent security-reviewer registriert
[2025-08-18T20:29:49.232Z] [INFO] Agent docs-writer registriert
[2025-08-18T20:29:49.233Z] [INFO] Agent context-specialist registriert
[2025-08-18T20:29:49.234Z] [INFO] AI Orchestrator erfolgreich initialisiert
[2025-08-18T20:29:53.221Z] [INFO] AI Orchestrator wird initialisiert...
[2025-08-18T20:29:53.228Z] [INFO] Autonomer Workflow-Modus wird gestartet
[2025-08-18T20:29:53.229Z] [INFO] Starte autonome Phase: INITIALIZATION
[2025-08-18T20:29:53.230Z] [INFO] Phase INITIALIZATION wird gestartet
[2025-08-18T20:29:53.231Z] [ERROR] Fehler beim Lesen von C:\Users\eric_\VSC Programme\EventManagerApp\Event-Manager-App\scripts\workflow_state.md: ENOENT: no such file or directory, open 'C:\Users\eric_\VSC Programme\EventManagerApp\Event-Manager-App\scripts\workflow_state.md'
[2025-08-18T20:29:53.232Z] [ERROR] Fehler beim Lesen von C:\Users\eric_\VSC Programme\EventManagerApp\Event-Manager-App\scripts\workflow_state.md: ENOENT: no such file or directory, open 'C:\Users\eric_\VSC Programme\EventManagerApp\Event-Manager-App\scripts\workflow_state.md'
[2025-08-18T20:29:53.233Z] [INFO] Aktiviere Agent context-specialist für Phase INITIALIZATION
[2025-08-18T20:29:53.234Z] [ERROR] Agent context-specialist nicht gefunden
[2025-08-18T20:29:53.235Z] [INFO] Agent system-architect registriert
[2025-08-18T20:29:53.236Z] [INFO] Agent feature-developer registriert
[2025-08-18T20:29:53.237Z] [INFO] Agent security-reviewer registriert
[2025-08-18T20:29:53.238Z] [INFO] Agent docs-writer registriert
[2025-08-18T20:29:53.238Z] [INFO] Agent context-specialist registriert
[2025-08-18T20:29:53.239Z] [INFO] AI Orchestrator erfolgreich initialisiert
